c:\computer_graphic_project\cg_hw_project\hw_p2\mazevisibilitytemplate\mazevisibility\mazevisibility.dir\debug\vc143.pdb
c:\computer_graphic_project\cg_hw_project\hw_p2\mazevisibilitytemplate\mazevisibility\mazevisibility.dir\debug\runmaze.obj
c:\computer_graphic_project\cg_hw_project\hw_p2\mazevisibilitytemplate\mazevisibility\mazevisibility.dir\debug\mazewindow.obj
c:\computer_graphic_project\cg_hw_project\hw_p2\mazevisibilitytemplate\mazevisibility\mazevisibility.dir\debug\maze.obj
c:\computer_graphic_project\cg_hw_project\hw_p2\mazevisibilitytemplate\mazevisibility\mazevisibility.dir\debug\mapwidget.obj
c:\computer_graphic_project\cg_hw_project\hw_p2\mazevisibilitytemplate\mazevisibility\cmakefiles\generate.stamp
c:\computer_graphic_project\cg_hw_project\hw_p2\mazevisibilitytemplate\mazevisibility\debug\mazevisibility.exe
c:\computer_graphic_project\cg_hw_project\hw_p2\mazevisibilitytemplate\mazevisibility\debug\mazevisibility.pdb
c:\computer_graphic_project\cg_hw_project\hw_p2\mazevisibilitytemplate\mazevisibility\mazevisibility.dir\debug\mazevisibility.ilk
c:\computer_graphic_project\cg_hw_project\hw_p2\mazevisibilitytemplate\mazevisibility\mazevisibility.dir\debug\mazevisibility.tlog\cl.command.1.tlog
c:\computer_graphic_project\cg_hw_project\hw_p2\mazevisibilitytemplate\mazevisibility\mazevisibility.dir\debug\mazevisibility.tlog\cl.items.tlog
c:\computer_graphic_project\cg_hw_project\hw_p2\mazevisibilitytemplate\mazevisibility\mazevisibility.dir\debug\mazevisibility.tlog\cl.read.1.tlog
c:\computer_graphic_project\cg_hw_project\hw_p2\mazevisibilitytemplate\mazevisibility\mazevisibility.dir\debug\mazevisibility.tlog\cl.write.1.tlog
c:\computer_graphic_project\cg_hw_project\hw_p2\mazevisibilitytemplate\mazevisibility\mazevisibility.dir\debug\mazevisibility.tlog\custombuild.command.1.tlog
c:\computer_graphic_project\cg_hw_project\hw_p2\mazevisibilitytemplate\mazevisibility\mazevisibility.dir\debug\mazevisibility.tlog\custombuild.read.1.tlog
c:\computer_graphic_project\cg_hw_project\hw_p2\mazevisibilitytemplate\mazevisibility\mazevisibility.dir\debug\mazevisibility.tlog\custombuild.write.1.tlog
c:\computer_graphic_project\cg_hw_project\hw_p2\mazevisibilitytemplate\mazevisibility\mazevisibility.dir\debug\mazevisibility.tlog\link.command.1.tlog
c:\computer_graphic_project\cg_hw_project\hw_p2\mazevisibilitytemplate\mazevisibility\mazevisibility.dir\debug\mazevisibility.tlog\link.read.1.tlog
c:\computer_graphic_project\cg_hw_project\hw_p2\mazevisibilitytemplate\mazevisibility\mazevisibility.dir\debug\mazevisibility.tlog\link.secondary.1.tlog
c:\computer_graphic_project\cg_hw_project\hw_p2\mazevisibilitytemplate\mazevisibility\mazevisibility.dir\debug\mazevisibility.tlog\link.write.1.tlog
