c:\cg2024fall\cg_hw_project\hw_p1\p1\imageediting-master\imageediting.dir\debug\vc143.pdb
c:\cg2024fall\cg_hw_project\hw_p1\p1\imageediting-master\imageediting.dir\debug\targaimage.obj
c:\cg2024fall\cg_hw_project\hw_p1\p1\imageediting-master\imageediting.dir\debug\scripthandler.obj
c:\cg2024fall\cg_hw_project\hw_p1\p1\imageediting-master\imageediting.dir\debug\imagewidget.obj
c:\cg2024fall\cg_hw_project\hw_p1\p1\imageediting-master\imageediting.dir\debug\main.obj
c:\cg2024fall\cg_hw_project\hw_p1\p1\imageediting-master\cmakefiles\generate.stamp
c:\cg2024fall\cg_hw_project\hw_p1\p1\imageediting-master\debug\imageediting.exe
c:\cg2024fall\cg_hw_project\hw_p1\p1\imageediting-master\debug\imageediting.pdb
c:\cg2024fall\cg_hw_project\hw_p1\p1\imageediting-master\imageediting.dir\debug\imageediting.ilk
c:\cg2024fall\cg_hw_project\hw_p1\p1\imageediting-master\imageediting.dir\debug\imageediting.tlog\cl.command.1.tlog
c:\cg2024fall\cg_hw_project\hw_p1\p1\imageediting-master\imageediting.dir\debug\imageediting.tlog\cl.items.tlog
c:\cg2024fall\cg_hw_project\hw_p1\p1\imageediting-master\imageediting.dir\debug\imageediting.tlog\cl.read.1.tlog
c:\cg2024fall\cg_hw_project\hw_p1\p1\imageediting-master\imageediting.dir\debug\imageediting.tlog\cl.write.1.tlog
c:\cg2024fall\cg_hw_project\hw_p1\p1\imageediting-master\imageediting.dir\debug\imageediting.tlog\custombuild.command.1.tlog
c:\cg2024fall\cg_hw_project\hw_p1\p1\imageediting-master\imageediting.dir\debug\imageediting.tlog\custombuild.read.1.tlog
c:\cg2024fall\cg_hw_project\hw_p1\p1\imageediting-master\imageediting.dir\debug\imageediting.tlog\custombuild.write.1.tlog
c:\cg2024fall\cg_hw_project\hw_p1\p1\imageediting-master\imageediting.dir\debug\imageediting.tlog\link.command.1.tlog
c:\cg2024fall\cg_hw_project\hw_p1\p1\imageediting-master\imageediting.dir\debug\imageediting.tlog\link.read.1.tlog
c:\cg2024fall\cg_hw_project\hw_p1\p1\imageediting-master\imageediting.dir\debug\imageediting.tlog\link.secondary.1.tlog
c:\cg2024fall\cg_hw_project\hw_p1\p1\imageediting-master\imageediting.dir\debug\imageediting.tlog\link.write.1.tlog
