c:\computer_graphic_project\cg_hw_project\hw_p3\checkpoint-2\watersurfacetemplate\rollercoasters.dir\debug\vc143.pdb
c:\computer_graphic_project\cg_hw_project\hw_p3\checkpoint-2\watersurfacetemplate\rollercoasters.dir\debug\trainwindow.obj
c:\computer_graphic_project\cg_hw_project\hw_p3\checkpoint-2\watersurfacetemplate\rollercoasters.dir\debug\trainview.obj
c:\computer_graphic_project\cg_hw_project\hw_p3\checkpoint-2\watersurfacetemplate\rollercoasters.dir\debug\track.obj
c:\computer_graphic_project\cg_hw_project\hw_p3\checkpoint-2\watersurfacetemplate\rollercoasters.dir\debug\controlpoint.obj
c:\computer_graphic_project\cg_hw_project\hw_p3\checkpoint-2\watersurfacetemplate\rollercoasters.dir\debug\callbacks.obj
c:\computer_graphic_project\cg_hw_project\hw_p3\checkpoint-2\watersurfacetemplate\rollercoasters.dir\debug\main.obj
c:\computer_graphic_project\cg_hw_project\hw_p3\checkpoint-2\watersurfacetemplate\rollercoasters.dir\debug\glad.obj
c:\computer_graphic_project\cg_hw_project\hw_p3\checkpoint-2\watersurfacetemplate\cmakefiles\generate.stamp
c:\computer_graphic_project\cg_hw_project\hw_p3\checkpoint-2\watersurfacetemplate\debug\rollercoasters.exe
c:\computer_graphic_project\cg_hw_project\hw_p3\checkpoint-2\watersurfacetemplate\debug\rollercoasters.pdb
c:\computer_graphic_project\cg_hw_project\hw_p3\checkpoint-2\watersurfacetemplate\rollercoasters.dir\debug\rollercoasters.ilk
c:\computer_graphic_project\cg_hw_project\hw_p3\checkpoint-2\watersurfacetemplate\rollercoasters.dir\debug\rollercoasters.tlog\cl.command.1.tlog
c:\computer_graphic_project\cg_hw_project\hw_p3\checkpoint-2\watersurfacetemplate\rollercoasters.dir\debug\rollercoasters.tlog\cl.items.tlog
c:\computer_graphic_project\cg_hw_project\hw_p3\checkpoint-2\watersurfacetemplate\rollercoasters.dir\debug\rollercoasters.tlog\cl.read.1.tlog
c:\computer_graphic_project\cg_hw_project\hw_p3\checkpoint-2\watersurfacetemplate\rollercoasters.dir\debug\rollercoasters.tlog\cl.write.1.tlog
c:\computer_graphic_project\cg_hw_project\hw_p3\checkpoint-2\watersurfacetemplate\rollercoasters.dir\debug\rollercoasters.tlog\custombuild.command.1.tlog
c:\computer_graphic_project\cg_hw_project\hw_p3\checkpoint-2\watersurfacetemplate\rollercoasters.dir\debug\rollercoasters.tlog\custombuild.read.1.tlog
c:\computer_graphic_project\cg_hw_project\hw_p3\checkpoint-2\watersurfacetemplate\rollercoasters.dir\debug\rollercoasters.tlog\custombuild.write.1.tlog
c:\computer_graphic_project\cg_hw_project\hw_p3\checkpoint-2\watersurfacetemplate\rollercoasters.dir\debug\rollercoasters.tlog\link.command.1.tlog
c:\computer_graphic_project\cg_hw_project\hw_p3\checkpoint-2\watersurfacetemplate\rollercoasters.dir\debug\rollercoasters.tlog\link.read.1.tlog
c:\computer_graphic_project\cg_hw_project\hw_p3\checkpoint-2\watersurfacetemplate\rollercoasters.dir\debug\rollercoasters.tlog\link.secondary.1.tlog
c:\computer_graphic_project\cg_hw_project\hw_p3\checkpoint-2\watersurfacetemplate\rollercoasters.dir\debug\rollercoasters.tlog\link.write.1.tlog
